2017-10-18 15:42:45 --> INSERT INTO cheque_consumo (numero,titular,fecha,monto,interes,descuento,cuenta_id) VALUES 
						('41922081','UTHGRA','2017-10-18','15909.44','0','0','6')
2017-10-18 15:42:45 --> 0
2017-10-18 15:42:45 --> INSERT INTO `rel_pago_operacion` (`forma_pago_id`, `forma_pago`, `operacion_tipo`, `operacion_id`) VALUES
						(0, 'cheque', 'compra', 2798)
2017-10-18 15:42:45 --> INSERT INTO `rel_pago_operacion` (`forma_pago_id`, `forma_pago`, `operacion_tipo`, `operacion_id`) VALUES
						(0, 'cheque', 'compra', 2799)
2017-10-18 15:42:45 --> INSERT INTO `rel_pago_operacion` (`forma_pago_id`, `forma_pago`, `operacion_tipo`, `operacion_id`) VALUES
						(0, 'cheque', 'compra', 2800)
2017-10-18 15:42:45 --> INSERT INTO `rel_pago_operacion` (`forma_pago_id`, `forma_pago`, `operacion_tipo`, `operacion_id`) VALUES
						(0, 'cheque', 'compra', 2801)
2017-10-18 15:42:45 --> INSERT INTO `rel_pago_operacion` (`forma_pago_id`, `forma_pago`, `operacion_tipo`, `operacion_id`) VALUES
						(0, 'cheque', 'compra', 2802)
2017-10-18 15:42:45 --> INSERT INTO `rel_pago_operacion` (`forma_pago_id`, `forma_pago`, `operacion_tipo`, `operacion_id`) VALUES
						(0, 'cheque', 'compra', 2803)
2017-10-18 15:42:45 --> INSERT INTO `rel_pago_operacion` (`forma_pago_id`, `forma_pago`, `operacion_tipo`, `operacion_id`) VALUES
						(0, 'cheque', 'compra', 2804)
2017-10-18 15:42:45 --> INSERT INTO cheque_consumo (numero,titular,fecha,monto,interes,descuento,cuenta_id) VALUES 
						('41922081','UTHGRA','2017-10-18','15909.44','0','0','6')
2017-10-18 15:42:45 --> 0
2017-10-18 15:42:45 --> INSERT INTO `rel_pago_operacion` (`forma_pago_id`, `forma_pago`, `operacion_tipo`, `operacion_id`) VALUES
						(0, 'cheque', 'compra', 2798)
2017-10-18 15:42:45 --> INSERT INTO `rel_pago_operacion` (`forma_pago_id`, `forma_pago`, `operacion_tipo`, `operacion_id`) VALUES
						(0, 'cheque', 'compra', 2799)
2017-10-18 15:42:45 --> INSERT INTO `rel_pago_operacion` (`forma_pago_id`, `forma_pago`, `operacion_tipo`, `operacion_id`) VALUES
						(0, 'cheque', 'compra', 2800)
2017-10-18 15:42:45 --> INSERT INTO `rel_pago_operacion` (`forma_pago_id`, `forma_pago`, `operacion_tipo`, `operacion_id`) VALUES
						(0, 'cheque', 'compra', 2801)
2017-10-18 15:42:46 --> INSERT INTO `rel_pago_operacion` (`forma_pago_id`, `forma_pago`, `operacion_tipo`, `operacion_id`) VALUES
						(0, 'cheque', 'compra', 2802)
2017-10-18 15:42:46 --> INSERT INTO `rel_pago_operacion` (`forma_pago_id`, `forma_pago`, `operacion_tipo`, `operacion_id`) VALUES
						(0, 'cheque', 'compra', 2803)
2017-10-18 15:42:46 --> INSERT INTO `rel_pago_operacion` (`forma_pago_id`, `forma_pago`, `operacion_tipo`, `operacion_id`) VALUES
						(0, 'cheque', 'compra', 2804)
2017-10-18 15:42:46 --> INSERT INTO cheque_consumo (numero,titular,fecha,monto,interes,descuento,cuenta_id) VALUES 
						('41922081','UTHGRA','2017-10-18','15909.44','0','0','6')
2017-10-18 15:42:46 --> 0
2017-10-18 15:42:46 --> INSERT INTO `rel_pago_operacion` (`forma_pago_id`, `forma_pago`, `operacion_tipo`, `operacion_id`) VALUES
						(0, 'cheque', 'compra', 2798)
2017-10-18 15:42:46 --> INSERT INTO `rel_pago_operacion` (`forma_pago_id`, `forma_pago`, `operacion_tipo`, `operacion_id`) VALUES
						(0, 'cheque', 'compra', 2799)
2017-10-18 15:42:46 --> INSERT INTO `rel_pago_operacion` (`forma_pago_id`, `forma_pago`, `operacion_tipo`, `operacion_id`) VALUES
						(0, 'cheque', 'compra', 2800)
2017-10-18 15:42:46 --> INSERT INTO `rel_pago_operacion` (`forma_pago_id`, `forma_pago`, `operacion_tipo`, `operacion_id`) VALUES
						(0, 'cheque', 'compra', 2801)
2017-10-18 15:42:46 --> INSERT INTO `rel_pago_operacion` (`forma_pago_id`, `forma_pago`, `operacion_tipo`, `operacion_id`) VALUES
						(0, 'cheque', 'compra', 2802)
2017-10-18 15:42:46 --> INSERT INTO `rel_pago_operacion` (`forma_pago_id`, `forma_pago`, `operacion_tipo`, `operacion_id`) VALUES
						(0, 'cheque', 'compra', 2803)
2017-10-18 15:42:46 --> INSERT INTO `rel_pago_operacion` (`forma_pago_id`, `forma_pago`, `operacion_tipo`, `operacion_id`) VALUES
						(0, 'cheque', 'compra', 2804)
2017-10-18 15:42:46 --> INSERT INTO cheque_consumo (numero,titular,fecha,monto,interes,descuento,cuenta_id) VALUES 
						('41922081','UTHGRA','2017-10-18','15909.44','0','0','6')
2017-10-18 15:42:46 --> 0
2017-10-18 15:42:46 --> INSERT INTO `rel_pago_operacion` (`forma_pago_id`, `forma_pago`, `operacion_tipo`, `operacion_id`) VALUES
						(0, 'cheque', 'compra', 2798)
2017-10-18 15:42:46 --> INSERT INTO `rel_pago_operacion` (`forma_pago_id`, `forma_pago`, `operacion_tipo`, `operacion_id`) VALUES
						(0, 'cheque', 'compra', 2799)
2017-10-18 15:42:46 --> INSERT INTO `rel_pago_operacion` (`forma_pago_id`, `forma_pago`, `operacion_tipo`, `operacion_id`) VALUES
						(0, 'cheque', 'compra', 2800)
2017-10-18 15:42:46 --> INSERT INTO `rel_pago_operacion` (`forma_pago_id`, `forma_pago`, `operacion_tipo`, `operacion_id`) VALUES
						(0, 'cheque', 'compra', 2801)
2017-10-18 15:42:46 --> INSERT INTO `rel_pago_operacion` (`forma_pago_id`, `forma_pago`, `operacion_tipo`, `operacion_id`) VALUES
						(0, 'cheque', 'compra', 2802)
2017-10-18 15:42:46 --> INSERT INTO `rel_pago_operacion` (`forma_pago_id`, `forma_pago`, `operacion_tipo`, `operacion_id`) VALUES
						(0, 'cheque', 'compra', 2803)
2017-10-18 15:42:46 --> INSERT INTO `rel_pago_operacion` (`forma_pago_id`, `forma_pago`, `operacion_tipo`, `operacion_id`) VALUES
						(0, 'cheque', 'compra', 2804)
2017-10-18 15:42:46 --> INSERT INTO cheque_consumo (numero,titular,fecha,monto,interes,descuento,cuenta_id) VALUES 
						('41922081','UTHGRA','2017-10-18','15909.44','0','0','6')
2017-10-18 15:42:46 --> 0
2017-10-18 15:42:46 --> INSERT INTO `rel_pago_operacion` (`forma_pago_id`, `forma_pago`, `operacion_tipo`, `operacion_id`) VALUES
						(0, 'cheque', 'compra', 2798)
2017-10-18 15:42:46 --> INSERT INTO `rel_pago_operacion` (`forma_pago_id`, `forma_pago`, `operacion_tipo`, `operacion_id`) VALUES
						(0, 'cheque', 'compra', 2799)
2017-10-18 15:42:46 --> INSERT INTO `rel_pago_operacion` (`forma_pago_id`, `forma_pago`, `operacion_tipo`, `operacion_id`) VALUES
						(0, 'cheque', 'compra', 2800)
2017-10-18 15:42:46 --> INSERT INTO `rel_pago_operacion` (`forma_pago_id`, `forma_pago`, `operacion_tipo`, `operacion_id`) VALUES
						(0, 'cheque', 'compra', 2801)
2017-10-18 15:42:46 --> INSERT INTO `rel_pago_operacion` (`forma_pago_id`, `forma_pago`, `operacion_tipo`, `operacion_id`) VALUES
						(0, 'cheque', 'compra', 2802)
2017-10-18 15:42:46 --> INSERT INTO `rel_pago_operacion` (`forma_pago_id`, `forma_pago`, `operacion_tipo`, `operacion_id`) VALUES
						(0, 'cheque', 'compra', 2803)
2017-10-18 15:42:46 --> INSERT INTO `rel_pago_operacion` (`forma_pago_id`, `forma_pago`, `operacion_tipo`, `operacion_id`) VALUES
						(0, 'cheque', 'compra', 2804)
2017-10-18 15:42:46 --> INSERT INTO cheque_consumo (numero,titular,fecha,monto,interes,descuento,cuenta_id) VALUES 
						('41922081','UTHGRA','2017-10-18','15909.44','0','0','6')
2017-10-18 15:42:46 --> 0
2017-10-18 15:42:46 --> INSERT INTO `rel_pago_operacion` (`forma_pago_id`, `forma_pago`, `operacion_tipo`, `operacion_id`) VALUES
						(0, 'cheque', 'compra', 2798)
2017-10-18 15:42:46 --> INSERT INTO `rel_pago_operacion` (`forma_pago_id`, `forma_pago`, `operacion_tipo`, `operacion_id`) VALUES
						(0, 'cheque', 'compra', 2799)
2017-10-18 15:42:46 --> INSERT INTO `rel_pago_operacion` (`forma_pago_id`, `forma_pago`, `operacion_tipo`, `operacion_id`) VALUES
						(0, 'cheque', 'compra', 2800)
2017-10-18 15:42:46 --> INSERT INTO `rel_pago_operacion` (`forma_pago_id`, `forma_pago`, `operacion_tipo`, `operacion_id`) VALUES
						(0, 'cheque', 'compra', 2801)
2017-10-18 15:42:46 --> INSERT INTO `rel_pago_operacion` (`forma_pago_id`, `forma_pago`, `operacion_tipo`, `operacion_id`) VALUES
						(0, 'cheque', 'compra', 2802)
2017-10-18 15:42:46 --> INSERT INTO `rel_pago_operacion` (`forma_pago_id`, `forma_pago`, `operacion_tipo`, `operacion_id`) VALUES
						(0, 'cheque', 'compra', 2803)
2017-10-18 15:42:46 --> INSERT INTO `rel_pago_operacion` (`forma_pago_id`, `forma_pago`, `operacion_tipo`, `operacion_id`) VALUES
						(0, 'cheque', 'compra', 2804)
2017-10-18 15:42:46 --> INSERT INTO cheque_consumo (numero,titular,fecha,monto,interes,descuento,cuenta_id) VALUES 
						('41922081','UTHGRA','2017-10-18','15909.44','0','0','6')
2017-10-18 15:42:46 --> 0
2017-10-18 15:42:46 --> INSERT INTO `rel_pago_operacion` (`forma_pago_id`, `forma_pago`, `operacion_tipo`, `operacion_id`) VALUES
						(0, 'cheque', 'compra', 2798)
2017-10-18 15:42:46 --> INSERT INTO `rel_pago_operacion` (`forma_pago_id`, `forma_pago`, `operacion_tipo`, `operacion_id`) VALUES
						(0, 'cheque', 'compra', 2799)
2017-10-18 15:42:46 --> INSERT INTO `rel_pago_operacion` (`forma_pago_id`, `forma_pago`, `operacion_tipo`, `operacion_id`) VALUES
						(0, 'cheque', 'compra', 2800)
2017-10-18 15:42:46 --> INSERT INTO `rel_pago_operacion` (`forma_pago_id`, `forma_pago`, `operacion_tipo`, `operacion_id`) VALUES
						(0, 'cheque', 'compra', 2801)
2017-10-18 15:42:46 --> INSERT INTO `rel_pago_operacion` (`forma_pago_id`, `forma_pago`, `operacion_tipo`, `operacion_id`) VALUES
						(0, 'cheque', 'compra', 2802)
2017-10-18 15:42:46 --> INSERT INTO `rel_pago_operacion` (`forma_pago_id`, `forma_pago`, `operacion_tipo`, `operacion_id`) VALUES
						(0, 'cheque', 'compra', 2803)
2017-10-18 15:42:46 --> INSERT INTO `rel_pago_operacion` (`forma_pago_id`, `forma_pago`, `operacion_tipo`, `operacion_id`) VALUES
						(0, 'cheque', 'compra', 2804)
2017-10-18 15:51:58 --> INSERT INTO cheque_consumo (numero,titular,fecha,monto,interes,descuento,cuenta_id) VALUES 
						('41922081','UTHGRA','2017-10-18','15909.44','0','0','6')
2017-10-18 15:51:58 --> 3084
2017-10-18 15:51:58 --> INSERT INTO `rel_pago_operacion` (`forma_pago_id`, `forma_pago`, `operacion_tipo`, `operacion_id`) VALUES
						(3084, 'cheque', 'compra', 2798)
2017-10-18 15:51:58 --> INSERT INTO `rel_pago_operacion` (`forma_pago_id`, `forma_pago`, `operacion_tipo`, `operacion_id`) VALUES
						(3084, 'cheque', 'compra', 2799)
2017-10-18 15:51:58 --> INSERT INTO `rel_pago_operacion` (`forma_pago_id`, `forma_pago`, `operacion_tipo`, `operacion_id`) VALUES
						(3084, 'cheque', 'compra', 2800)
2017-10-18 15:51:58 --> INSERT INTO `rel_pago_operacion` (`forma_pago_id`, `forma_pago`, `operacion_tipo`, `operacion_id`) VALUES
						(3084, 'cheque', 'compra', 2801)
2017-10-18 15:51:58 --> INSERT INTO `rel_pago_operacion` (`forma_pago_id`, `forma_pago`, `operacion_tipo`, `operacion_id`) VALUES
						(3084, 'cheque', 'compra', 2802)
2017-10-18 15:51:58 --> INSERT INTO `rel_pago_operacion` (`forma_pago_id`, `forma_pago`, `operacion_tipo`, `operacion_id`) VALUES
						(3084, 'cheque', 'compra', 2803)
2017-10-18 15:51:58 --> INSERT INTO `rel_pago_operacion` (`forma_pago_id`, `forma_pago`, `operacion_tipo`, `operacion_id`) VALUES
						(3084, 'cheque', 'compra', 2804)
2017-10-18 15:51:58 --> INSERT INTO cheque_consumo (numero,titular,fecha,monto,interes,descuento,cuenta_id) VALUES 
						('41922081','UTHGRA','2017-10-18','15909.44','0','0','6')
2017-10-18 15:51:58 --> 3085
2017-10-18 15:51:58 --> INSERT INTO `rel_pago_operacion` (`forma_pago_id`, `forma_pago`, `operacion_tipo`, `operacion_id`) VALUES
						(3085, 'cheque', 'compra', 2798)
2017-10-18 15:51:58 --> INSERT INTO `rel_pago_operacion` (`forma_pago_id`, `forma_pago`, `operacion_tipo`, `operacion_id`) VALUES
						(3085, 'cheque', 'compra', 2799)
2017-10-18 15:51:58 --> INSERT INTO `rel_pago_operacion` (`forma_pago_id`, `forma_pago`, `operacion_tipo`, `operacion_id`) VALUES
						(3085, 'cheque', 'compra', 2800)
2017-10-18 15:51:58 --> INSERT INTO `rel_pago_operacion` (`forma_pago_id`, `forma_pago`, `operacion_tipo`, `operacion_id`) VALUES
						(3085, 'cheque', 'compra', 2801)
2017-10-18 15:51:58 --> INSERT INTO `rel_pago_operacion` (`forma_pago_id`, `forma_pago`, `operacion_tipo`, `operacion_id`) VALUES
						(3085, 'cheque', 'compra', 2802)
2017-10-18 15:51:58 --> INSERT INTO `rel_pago_operacion` (`forma_pago_id`, `forma_pago`, `operacion_tipo`, `operacion_id`) VALUES
						(3085, 'cheque', 'compra', 2803)
2017-10-18 15:51:58 --> INSERT INTO `rel_pago_operacion` (`forma_pago_id`, `forma_pago`, `operacion_tipo`, `operacion_id`) VALUES
						(3085, 'cheque', 'compra', 2804)
2017-10-18 15:51:58 --> INSERT INTO cheque_consumo (numero,titular,fecha,monto,interes,descuento,cuenta_id) VALUES 
						('41922081','UTHGRA','2017-10-18','15909.44','0','0','6')
2017-10-18 15:51:58 --> 3086
2017-10-18 15:51:58 --> INSERT INTO `rel_pago_operacion` (`forma_pago_id`, `forma_pago`, `operacion_tipo`, `operacion_id`) VALUES
						(3086, 'cheque', 'compra', 2798)
2017-10-18 15:51:58 --> INSERT INTO `rel_pago_operacion` (`forma_pago_id`, `forma_pago`, `operacion_tipo`, `operacion_id`) VALUES
						(3086, 'cheque', 'compra', 2799)
2017-10-18 15:51:58 --> INSERT INTO `rel_pago_operacion` (`forma_pago_id`, `forma_pago`, `operacion_tipo`, `operacion_id`) VALUES
						(3086, 'cheque', 'compra', 2800)
2017-10-18 15:51:58 --> INSERT INTO `rel_pago_operacion` (`forma_pago_id`, `forma_pago`, `operacion_tipo`, `operacion_id`) VALUES
						(3086, 'cheque', 'compra', 2801)
2017-10-18 15:51:58 --> INSERT INTO `rel_pago_operacion` (`forma_pago_id`, `forma_pago`, `operacion_tipo`, `operacion_id`) VALUES
						(3086, 'cheque', 'compra', 2802)
2017-10-18 15:51:58 --> INSERT INTO `rel_pago_operacion` (`forma_pago_id`, `forma_pago`, `operacion_tipo`, `operacion_id`) VALUES
						(3086, 'cheque', 'compra', 2803)
2017-10-18 15:51:58 --> INSERT INTO `rel_pago_operacion` (`forma_pago_id`, `forma_pago`, `operacion_tipo`, `operacion_id`) VALUES
						(3086, 'cheque', 'compra', 2804)
2017-10-18 15:51:58 --> INSERT INTO cheque_consumo (numero,titular,fecha,monto,interes,descuento,cuenta_id) VALUES 
						('41922081','UTHGRA','2017-10-18','15909.44','0','0','6')
2017-10-18 15:51:58 --> 3087
2017-10-18 15:51:58 --> INSERT INTO `rel_pago_operacion` (`forma_pago_id`, `forma_pago`, `operacion_tipo`, `operacion_id`) VALUES
						(3087, 'cheque', 'compra', 2798)
2017-10-18 15:51:58 --> INSERT INTO `rel_pago_operacion` (`forma_pago_id`, `forma_pago`, `operacion_tipo`, `operacion_id`) VALUES
						(3087, 'cheque', 'compra', 2799)
2017-10-18 15:51:58 --> INSERT INTO `rel_pago_operacion` (`forma_pago_id`, `forma_pago`, `operacion_tipo`, `operacion_id`) VALUES
						(3087, 'cheque', 'compra', 2800)
2017-10-18 15:51:58 --> INSERT INTO `rel_pago_operacion` (`forma_pago_id`, `forma_pago`, `operacion_tipo`, `operacion_id`) VALUES
						(3087, 'cheque', 'compra', 2801)
2017-10-18 15:51:58 --> INSERT INTO `rel_pago_operacion` (`forma_pago_id`, `forma_pago`, `operacion_tipo`, `operacion_id`) VALUES
						(3087, 'cheque', 'compra', 2802)
2017-10-18 15:51:58 --> INSERT INTO `rel_pago_operacion` (`forma_pago_id`, `forma_pago`, `operacion_tipo`, `operacion_id`) VALUES
						(3087, 'cheque', 'compra', 2803)
2017-10-18 15:51:58 --> INSERT INTO `rel_pago_operacion` (`forma_pago_id`, `forma_pago`, `operacion_tipo`, `operacion_id`) VALUES
						(3087, 'cheque', 'compra', 2804)
2017-10-18 15:51:58 --> INSERT INTO cheque_consumo (numero,titular,fecha,monto,interes,descuento,cuenta_id) VALUES 
						('41922081','UTHGRA','2017-10-18','15909.44','0','0','6')
2017-10-18 15:51:58 --> 3088
2017-10-18 15:51:58 --> INSERT INTO `rel_pago_operacion` (`forma_pago_id`, `forma_pago`, `operacion_tipo`, `operacion_id`) VALUES
						(3088, 'cheque', 'compra', 2798)
2017-10-18 15:51:58 --> INSERT INTO `rel_pago_operacion` (`forma_pago_id`, `forma_pago`, `operacion_tipo`, `operacion_id`) VALUES
						(3088, 'cheque', 'compra', 2799)
2017-10-18 15:51:58 --> INSERT INTO `rel_pago_operacion` (`forma_pago_id`, `forma_pago`, `operacion_tipo`, `operacion_id`) VALUES
						(3088, 'cheque', 'compra', 2800)
2017-10-18 15:51:58 --> INSERT INTO `rel_pago_operacion` (`forma_pago_id`, `forma_pago`, `operacion_tipo`, `operacion_id`) VALUES
						(3088, 'cheque', 'compra', 2801)
2017-10-18 15:51:58 --> INSERT INTO `rel_pago_operacion` (`forma_pago_id`, `forma_pago`, `operacion_tipo`, `operacion_id`) VALUES
						(3088, 'cheque', 'compra', 2802)
2017-10-18 15:51:58 --> INSERT INTO `rel_pago_operacion` (`forma_pago_id`, `forma_pago`, `operacion_tipo`, `operacion_id`) VALUES
						(3088, 'cheque', 'compra', 2803)
2017-10-18 15:51:58 --> INSERT INTO `rel_pago_operacion` (`forma_pago_id`, `forma_pago`, `operacion_tipo`, `operacion_id`) VALUES
						(3088, 'cheque', 'compra', 2804)
2017-10-18 15:51:58 --> INSERT INTO cheque_consumo (numero,titular,fecha,monto,interes,descuento,cuenta_id) VALUES 
						('41922081','UTHGRA','2017-10-18','15909.44','0','0','6')
2017-10-18 15:51:58 --> 3089
2017-10-18 15:51:58 --> INSERT INTO `rel_pago_operacion` (`forma_pago_id`, `forma_pago`, `operacion_tipo`, `operacion_id`) VALUES
						(3089, 'cheque', 'compra', 2798)
2017-10-18 15:51:59 --> INSERT INTO `rel_pago_operacion` (`forma_pago_id`, `forma_pago`, `operacion_tipo`, `operacion_id`) VALUES
						(3089, 'cheque', 'compra', 2799)
2017-10-18 15:51:59 --> INSERT INTO `rel_pago_operacion` (`forma_pago_id`, `forma_pago`, `operacion_tipo`, `operacion_id`) VALUES
						(3089, 'cheque', 'compra', 2800)
2017-10-18 15:51:59 --> INSERT INTO `rel_pago_operacion` (`forma_pago_id`, `forma_pago`, `operacion_tipo`, `operacion_id`) VALUES
						(3089, 'cheque', 'compra', 2801)
2017-10-18 15:51:59 --> INSERT INTO `rel_pago_operacion` (`forma_pago_id`, `forma_pago`, `operacion_tipo`, `operacion_id`) VALUES
						(3089, 'cheque', 'compra', 2802)
2017-10-18 15:51:59 --> INSERT INTO `rel_pago_operacion` (`forma_pago_id`, `forma_pago`, `operacion_tipo`, `operacion_id`) VALUES
						(3089, 'cheque', 'compra', 2803)
2017-10-18 15:51:59 --> INSERT INTO `rel_pago_operacion` (`forma_pago_id`, `forma_pago`, `operacion_tipo`, `operacion_id`) VALUES
						(3089, 'cheque', 'compra', 2804)
2017-10-18 15:51:59 --> INSERT INTO cheque_consumo (numero,titular,fecha,monto,interes,descuento,cuenta_id) VALUES 
						('41922081','UTHGRA','2017-10-18','15909.44','0','0','6')
2017-10-18 15:51:59 --> 3090
2017-10-18 15:51:59 --> INSERT INTO `rel_pago_operacion` (`forma_pago_id`, `forma_pago`, `operacion_tipo`, `operacion_id`) VALUES
						(3090, 'cheque', 'compra', 2798)
2017-10-18 15:51:59 --> INSERT INTO `rel_pago_operacion` (`forma_pago_id`, `forma_pago`, `operacion_tipo`, `operacion_id`) VALUES
						(3090, 'cheque', 'compra', 2799)
2017-10-18 15:51:59 --> INSERT INTO `rel_pago_operacion` (`forma_pago_id`, `forma_pago`, `operacion_tipo`, `operacion_id`) VALUES
						(3090, 'cheque', 'compra', 2800)
2017-10-18 15:51:59 --> INSERT INTO `rel_pago_operacion` (`forma_pago_id`, `forma_pago`, `operacion_tipo`, `operacion_id`) VALUES
						(3090, 'cheque', 'compra', 2801)
2017-10-18 15:51:59 --> INSERT INTO `rel_pago_operacion` (`forma_pago_id`, `forma_pago`, `operacion_tipo`, `operacion_id`) VALUES
						(3090, 'cheque', 'compra', 2802)
2017-10-18 15:51:59 --> INSERT INTO `rel_pago_operacion` (`forma_pago_id`, `forma_pago`, `operacion_tipo`, `operacion_id`) VALUES
						(3090, 'cheque', 'compra', 2803)
2017-10-18 15:51:59 --> INSERT INTO `rel_pago_operacion` (`forma_pago_id`, `forma_pago`, `operacion_tipo`, `operacion_id`) VALUES
						(3090, 'cheque', 'compra', 2804)
2017-10-18 16:45:05 --> INSERT INTO efectivo_consumo (caja_id,monto,interes,descuento,fecha) VALUES 
					(20,'5092.48','0','0','2017-10-18')
2017-10-18 16:45:05 --> INSERT INTO `rel_pago_operacion` (`forma_pago_id`, `forma_pago`, `operacion_tipo`, `operacion_id`) VALUES
						(0, 'efectivo', 'compra', 2798)
2017-10-18 16:45:05 --> INSERT INTO `rel_pago_operacion` (`forma_pago_id`, `forma_pago`, `operacion_tipo`, `operacion_id`) VALUES
						(0, 'efectivo', 'compra', 2799)
2017-10-18 16:45:05 --> INSERT INTO caja_movimiento (caja_id,origen,registro_id,monto,fecha) VALUES 
					(20,'efectivo_consumo',0,'-5092.48','2017-10-18')
2017-10-18 16:45:05 --> INSERT INTO efectivo_consumo (caja_id,monto,interes,descuento,fecha) VALUES 
					(20,'5092.48','0','0','2017-10-18')
2017-10-18 16:45:05 --> INSERT INTO `rel_pago_operacion` (`forma_pago_id`, `forma_pago`, `operacion_tipo`, `operacion_id`) VALUES
						(0, 'efectivo', 'compra', 2798)
2017-10-18 16:45:05 --> INSERT INTO `rel_pago_operacion` (`forma_pago_id`, `forma_pago`, `operacion_tipo`, `operacion_id`) VALUES
						(0, 'efectivo', 'compra', 2799)
2017-10-18 16:45:05 --> INSERT INTO caja_movimiento (caja_id,origen,registro_id,monto,fecha) VALUES 
					(20,'efectivo_consumo',0,'-5092.48','2017-10-18')
2017-10-18 16:52:41 --> INSERT INTO efectivo_consumo (caja_id,monto,interes,descuento,fecha) VALUES 
					(20,'5092.48','0','0','2017-10-18')
2017-10-18 16:52:42 --> 0
2017-10-18 16:52:42 --> INSERT INTO `rel_pago_operacion` (`forma_pago_id`, `forma_pago`, `operacion_tipo`, `operacion_id`) VALUES
						(0, 'efectivo', 'compra', 2798)
2017-10-18 16:52:42 --> INSERT INTO `rel_pago_operacion` (`forma_pago_id`, `forma_pago`, `operacion_tipo`, `operacion_id`) VALUES
						(0, 'efectivo', 'compra', 2799)
2017-10-18 16:52:42 --> INSERT INTO caja_movimiento (caja_id,origen,registro_id,monto,fecha) VALUES 
					(20,'efectivo_consumo',0,'-5092.48','2017-10-18')
2017-10-18 16:52:42 --> INSERT INTO efectivo_consumo (caja_id,monto,interes,descuento,fecha) VALUES 
					(20,'5092.48','0','0','2017-10-18')
2017-10-18 16:52:42 --> 0
2017-10-18 16:52:42 --> INSERT INTO `rel_pago_operacion` (`forma_pago_id`, `forma_pago`, `operacion_tipo`, `operacion_id`) VALUES
						(0, 'efectivo', 'compra', 2798)
2017-10-18 16:52:42 --> INSERT INTO `rel_pago_operacion` (`forma_pago_id`, `forma_pago`, `operacion_tipo`, `operacion_id`) VALUES
						(0, 'efectivo', 'compra', 2799)
2017-10-18 16:52:42 --> INSERT INTO caja_movimiento (caja_id,origen,registro_id,monto,fecha) VALUES 
					(20,'efectivo_consumo',0,'-5092.48','2017-10-18')
