2019-11-04 12:13:49 --> INSERT INTO efectivo_consumo (caja_id,monto,interes,descuento,fecha) VALUES 
					(12,'1459.5','0','0','2019-11-04')
2019-11-04 12:13:49 --> 0
2019-11-04 12:13:49 --> INSERT INTO `rel_pago_operacion` (`forma_pago_id`, `forma_pago`, `operacion_tipo`, `operacion_id`) VALUES
						(0, 'efectivo', 'gasto', 18998)
2019-11-04 12:13:49 --> INSERT INTO caja_movimiento (caja_id,origen,registro_id,monto,fecha) VALUES 
					(12,'efectivo_consumo',0,'-1459.5','2019-11-04 12:13:49')
2019-11-04 13:54:22 --> INSERT INTO efectivo_consumo (caja_id,monto,interes,descuento,fecha) VALUES 
					(12,'1390','0','0','2019-11-04')
2019-11-04 13:54:22 --> 0
2019-11-04 13:54:22 --> INSERT INTO `rel_pago_operacion` (`forma_pago_id`, `forma_pago`, `operacion_tipo`, `operacion_id`) VALUES
						(0, 'efectivo', 'gasto', 18999)
2019-11-04 13:54:22 --> INSERT INTO caja_movimiento (caja_id,origen,registro_id,monto,fecha,usuario_id) VALUES 
					(12,'efectivo_consumo',0,'-1390','2019-11-04 13:54:22','1',)
2019-11-04 13:58:34 --> INSERT INTO efectivo_consumo (caja_id,monto,interes,descuento,fecha) VALUES 
					(12,'1390','0','0','2019-11-04')
2019-11-04 13:58:34 --> 0
2019-11-04 13:58:34 --> INSERT INTO `rel_pago_operacion` (`forma_pago_id`, `forma_pago`, `operacion_tipo`, `operacion_id`) VALUES
						(0, 'efectivo', 'gasto', 18999)
2019-11-04 13:58:34 --> INSERT INTO caja_movimiento (caja_id,origen,registro_id,monto,fecha,usuario_id) VALUES 
					(12,'efectivo_consumo',0,'-1390','2019-11-04 13:58:34','1')
2019-11-04 14:13:05 --> INSERT INTO efectivo_consumo (caja_id,monto,interes,descuento,fecha) VALUES 
					(12,'1390','0','0','2019-11-04')
2019-11-04 14:13:05 --> 12820
2019-11-04 14:13:05 --> INSERT INTO `rel_pago_operacion` (`forma_pago_id`, `forma_pago`, `operacion_tipo`, `operacion_id`) VALUES
						(12820, 'efectivo', 'gasto', 18999)
2019-11-04 14:13:05 --> INSERT INTO caja_movimiento (caja_id,origen,registro_id,monto,fecha,usuario_id) VALUES 
					(12,'efectivo_consumo',12820,'-1390','2019-11-04 14:13:05','1')
2019-11-04 15:27:11 --> INSERT INTO efectivo_consumo (caja_id,monto,interes,descuento,fecha) VALUES 
					(12,'2614.7','0','0','2019-11-04')
2019-11-04 15:27:11 --> 12821
2019-11-04 15:27:12 --> INSERT INTO `rel_pago_operacion` (`forma_pago_id`, `forma_pago`, `operacion_tipo`, `operacion_id`) VALUES
						(12821, 'efectivo', 'compra', 3140)
2019-11-04 15:27:12 --> INSERT INTO caja_movimiento (caja_id,origen,registro_id,monto,fecha,usuario_id) VALUES 
					(12,'efectivo_consumo',12821,'-2614.7','2019-11-04 15:27:12','1')
2019-11-04 16:33:57 --> INSERT INTO efectivo_consumo (caja_id,monto,interes,descuento,fecha) VALUES 
					(12,'2614.7','0','0','2019-11-04')
2019-11-04 16:33:57 --> 12822
2019-11-04 16:33:57 --> INSERT INTO `rel_pago_operacion` (`forma_pago_id`, `forma_pago`, `operacion_tipo`, `operacion_id`) VALUES
						(12822, 'efectivo', 'compra', 3140)
2019-11-04 16:33:57 --> INSERT INTO caja_movimiento (caja_id,origen,registro_id,monto,fecha,usuario_id) VALUES 
					(12,'efectivo_consumo',12822,'-2614.7','2019-11-04 16:33:57','1')
