2019-01-07 19:06:59 --> INSERT INTO cuenta_a_pagar (operacion_tipo,operacion_id,monto,estado) VALUES 
				('tarjeta_resumen',133,785.02,0)
2019-01-07 19:15:05 --> INSERT INTO cuenta_a_pagar (operacion_tipo,operacion_id,monto,estado) VALUES 
				('tarjeta_resumen',133,785.02,0)
2019-01-07 19:17:03 --> INSERT INTO cuenta_a_pagar (operacion_tipo,operacion_id,monto,estado) VALUES 
				('tarjeta_resumen',133,785.02,0)
2019-01-07 19:17:03 --> INSERT INTO efectivo_consumo (caja_id,monto,interes,descuento,fecha) VALUES 
					(20,'4000','0','0','2019-01-07')
2019-01-07 19:19:46 --> INSERT INTO cuenta_a_pagar (operacion_tipo,operacion_id,monto,estado) VALUES 
				('tarjeta_resumen',133,785.02,0)
2019-01-07 19:19:46 --> INSERT INTO efectivo_consumo (caja_id,monto,interes,descuento,fecha) VALUES 
					(20,'4000','0','0','2019-01-07')
2019-01-07 19:19:46 --> 
2019-01-07 19:19:46 --> INSERT INTO `rel_pago_operacion` (`forma_pago_id`, `forma_pago`, `operacion_tipo`, `operacion_id`) VALUES
						(, 'efectivo', 'tarjeta_resumen', 133)
2019-01-07 19:19:46 --> INSERT INTO caja_movimiento (caja_id,origen,registro_id,monto,fecha) VALUES 
					(20,'efectivo_consumo',,'-4000','2019-01-07')
2019-01-07 19:21:45 --> INSERT INTO efectivo_consumo (caja_id,monto,interes,descuento,fecha) VALUES 
					(20,'30000','0','0','2019-01-07')
2019-01-07 19:21:46 --> 0
2019-01-07 19:21:46 --> INSERT INTO `rel_pago_operacion` (`forma_pago_id`, `forma_pago`, `operacion_tipo`, `operacion_id`) VALUES
						(0, 'efectivo', 'tarjeta_resumen', 135)
2019-01-07 19:21:46 --> INSERT INTO caja_movimiento (caja_id,origen,registro_id,monto,fecha) VALUES 
					(20,'efectivo_consumo',0,'-30000','2019-01-07')
2019-01-07 19:21:46 --> INSERT INTO cheque_consumo (numero,titular,fecha,monto,interes,descuento,cuenta_id) VALUES 
						('1111','eeeee','2019-01-07','750','0','0','7')
2019-01-07 19:23:23 --> INSERT INTO efectivo_consumo (caja_id,monto,interes,descuento,fecha) VALUES 
					(20,'30000','0','0','2019-01-07')
2019-01-07 19:23:23 --> 0
2019-01-07 19:23:23 --> INSERT INTO `rel_pago_operacion` (`forma_pago_id`, `forma_pago`, `operacion_tipo`, `operacion_id`) VALUES
						(0, 'efectivo', 'tarjeta_resumen', 135)
2019-01-07 19:23:23 --> INSERT INTO caja_movimiento (caja_id,origen,registro_id,monto,fecha) VALUES 
					(20,'efectivo_consumo',0,'-30000','2019-01-07')
2019-01-07 19:23:23 --> INSERT INTO cheque_consumo (numero,titular,fecha,monto,interes,descuento,cuenta_id) VALUES 
						('1111','eeeee','2019-01-07','750','0','0','7')
2019-01-07 19:23:23 --> 25011
2019-01-07 19:23:23 --> INSERT INTO `rel_pago_operacion` (`forma_pago_id`, `forma_pago`, `operacion_tipo`, `operacion_id`) VALUES
						(25011, 'cheque', 'tarjeta_resumen', 135)
2019-01-07 19:37:31 --> INSERT INTO efectivo_consumo (caja_id,monto,interes,descuento,fecha) VALUES 
					(20,'1903.82','0','0','2019-01-07')
2019-01-07 19:37:31 --> 0
2019-01-07 19:37:31 --> INSERT INTO `rel_pago_operacion` (`forma_pago_id`, `forma_pago`, `operacion_tipo`, `operacion_id`) VALUES
						(0, 'efectivo', 'tarjeta_resumen', 131)
2019-01-07 19:37:31 --> INSERT INTO caja_movimiento (caja_id,origen,registro_id,monto,fecha) VALUES 
					(20,'efectivo_consumo',0,'-1903.82','2019-01-07')
2019-01-07 19:37:31 --> INSERT INTO cheque_consumo (numero,titular,fecha,monto,interes,descuento,cuenta_id) VALUES 
						('44444','rrrrr','2019-01-07','100000','0','0','7')
2019-01-07 19:37:31 --> 3840
2019-01-07 19:37:31 --> INSERT INTO `rel_pago_operacion` (`forma_pago_id`, `forma_pago`, `operacion_tipo`, `operacion_id`) VALUES
						(3840, 'cheque', 'tarjeta_resumen', 131)
