2020-07-25 16:35:50 --> UPDATE gasto SET 
					fecha='2019-12-26',
					fecha_vencimiento='2019-12-26',
					rubro_id=8,
					subrubro_id=40,
					proveedor='251',
					descripcion='',
					factura_nro='00000007',
					factura_tipo='A',
					factura_punto_venta='0003',
					factura_orden='B',
					remito_nro='',
					recibo_nro='',
					monto='1000',
					iva_27='2',
					iva_21='3',
					iva_10_5='4',
					otra_alicuota='5',
					origen='Servicios',
					razon='Piña S.A.',
					cuit='20251748056',
					perc_iva='6',
					perc_iibb_bsas='7',
					perc_iibb_caba='8',
					exento='9'
				WHERE id=19048
2020-07-25 16:39:04 --> INSERT INTO cheque_consumo (numero,titular,fecha,monto,interes,descuento,cuenta_id) VALUES 
						('00000051','Al portador','2020-07-25','250','0','0','5')
2020-07-25 16:39:04 --> 4501
2020-07-25 16:39:04 --> UPDATE chequera_cheques SET estado = 1 WHERE id = 375
2020-07-25 16:39:04 --> INSERT INTO `rel_pago_operacion` (`forma_pago_id`, `forma_pago`, `operacion_tipo`, `operacion_id`) VALUES
						(4501, 'cheque', 'gasto', 19050)
2020-07-25 16:39:04 --> INSERT INTO cheque_consumo (numero,titular,fecha,monto,interes,descuento,cuenta_id) VALUES 
						('00000052','Al portador','2020-08-25','250','0','0','5')
2020-07-25 16:39:04 --> 4502
2020-07-25 16:39:04 --> UPDATE chequera_cheques SET estado = 1 WHERE id = 376
2020-07-25 16:39:04 --> INSERT INTO `rel_pago_operacion` (`forma_pago_id`, `forma_pago`, `operacion_tipo`, `operacion_id`) VALUES
						(4502, 'cheque', 'gasto', 19050)
2020-07-25 16:39:04 --> INSERT INTO cheque_consumo (numero,titular,fecha,monto,interes,descuento,cuenta_id) VALUES 
						('00000053','Al portador','2020-09-25','250','0','0','5')
2020-07-25 16:39:04 --> 4503
2020-07-25 16:39:04 --> UPDATE chequera_cheques SET estado = 1 WHERE id = 377
2020-07-25 16:39:04 --> INSERT INTO `rel_pago_operacion` (`forma_pago_id`, `forma_pago`, `operacion_tipo`, `operacion_id`) VALUES
						(4503, 'cheque', 'gasto', 19050)
2020-07-25 16:39:04 --> INSERT INTO cheque_consumo (numero,titular,fecha,monto,interes,descuento,cuenta_id) VALUES 
						('00000054','Al portador','2020-10-25','250','0','0','5')
2020-07-25 16:39:04 --> 4504
2020-07-25 16:39:04 --> UPDATE chequera_cheques SET estado = 1 WHERE id = 378
2020-07-25 16:39:04 --> INSERT INTO `rel_pago_operacion` (`forma_pago_id`, `forma_pago`, `operacion_tipo`, `operacion_id`) VALUES
						(4504, 'cheque', 'gasto', 19050)
2020-07-25 16:39:04 --> UPDATE gasto SET 
								estado=1,
								orden_pago=nro_orden,
								factura_nro='00000006',
								factura_punto_venta='0003',
								factura_tipo='B',
								factura_orden='B',
								remito_nro='',
								recibo_nro='',
								iva_27='0',
								iva_21='0',
								iva_10_5='0',
								otra_alicuota='0',
								perc_iva='0',
								perc_iibb_bsas='0',
								perc_iibb_caba='0',
								exento='0'
								
							WHERE id=19050
