2020-08-03 20:57:11 --> INSERT INTO cheque_consumo (numero,titular,fecha,monto,interes,descuento,cuenta_id) VALUES 
						('00000004','Al portador','2020-08-04','500','0','0','5')
2020-08-03 20:57:11 --> 4507
2020-08-03 20:57:12 --> UPDATE chequera_cheques SET estado = 1 WHERE id = 154
2020-08-03 20:57:12 --> INSERT INTO `rel_pago_operacion` (`forma_pago_id`, `forma_pago`, `operacion_tipo`, `operacion_id`) VALUES
						(4507, 'cheque', 'gasto', 19048)
2020-08-03 20:57:12 --> INSERT INTO cheque_consumo (numero,titular,fecha,monto,interes,descuento,cuenta_id) VALUES 
						('00000005','Al portador','2020-08-19','500','0','0','5')
2020-08-03 20:57:12 --> 4508
2020-08-03 20:57:12 --> UPDATE chequera_cheques SET estado = 1 WHERE id = 155
2020-08-03 20:57:12 --> INSERT INTO `rel_pago_operacion` (`forma_pago_id`, `forma_pago`, `operacion_tipo`, `operacion_id`) VALUES
						(4508, 'cheque', 'gasto', 19048)
2020-08-03 20:57:12 --> UPDATE gasto SET 
								estado=1,
								orden_pago=nro_orden,
								factura_nro='00000007',
								factura_punto_venta='0003',
								factura_tipo='A',
								factura_orden='B',
								remito_nro='',
								recibo_nro='',
								iva_27='2',
								iva_21='3',
								iva_10_5='4',
								otra_alicuota='5',
								perc_iva='6',
								perc_iibb_bsas='7',
								perc_iibb_caba='8',
								exento='9'
								
							WHERE id=19048
2020-08-03 21:07:48 --> INSERT INTO cheque_consumo (numero,titular,fecha,monto,interes,descuento,cuenta_id,chequera_id) VALUES 
						('00000004','Al portador','2020-08-04','500','0','0','5','2')
2020-08-03 21:07:48 --> 0
2020-08-03 21:07:48 --> UPDATE chequera_cheques SET estado = 1 WHERE id = 154
2020-08-03 21:07:48 --> INSERT INTO `rel_pago_operacion` (`forma_pago_id`, `forma_pago`, `operacion_tipo`, `operacion_id`) VALUES
						(0, 'cheque', 'gasto', 19048)
2020-08-03 21:07:48 --> INSERT INTO cheque_consumo (numero,titular,fecha,monto,interes,descuento,cuenta_id,chequera_id) VALUES 
						('00000005','Al portador','2020-08-14','500','0','0','5','2')
2020-08-03 21:07:48 --> 0
2020-08-03 21:07:48 --> UPDATE chequera_cheques SET estado = 1 WHERE id = 155
2020-08-03 21:07:48 --> INSERT INTO `rel_pago_operacion` (`forma_pago_id`, `forma_pago`, `operacion_tipo`, `operacion_id`) VALUES
						(0, 'cheque', 'gasto', 19048)
2020-08-03 21:07:48 --> UPDATE gasto SET 
								estado=1,
								orden_pago=nro_orden,
								factura_nro='00000007',
								factura_punto_venta='0003',
								factura_tipo='A',
								factura_orden='B',
								remito_nro='',
								recibo_nro='',
								iva_27='2',
								iva_21='3',
								iva_10_5='4',
								otra_alicuota='5',
								perc_iva='6',
								perc_iibb_bsas='7',
								perc_iibb_caba='8',
								exento='9'
								
							WHERE id=19048
2020-08-03 21:09:42 --> INSERT INTO cheque_consumo (numero,titular,fecha,monto,interes,descuento,cuenta_id,chequera_id) VALUES 
						('00000004','Al portador','2020-08-04','500','0','0','5','2')
2020-08-03 21:09:42 --> 4509
2020-08-03 21:09:42 --> UPDATE chequera_cheques SET estado = 1 WHERE id = 154
2020-08-03 21:09:42 --> INSERT INTO `rel_pago_operacion` (`forma_pago_id`, `forma_pago`, `operacion_tipo`, `operacion_id`) VALUES
						(4509, 'cheque', 'gasto', 19048)
2020-08-03 21:09:42 --> INSERT INTO cheque_consumo (numero,titular,fecha,monto,interes,descuento,cuenta_id,chequera_id) VALUES 
						('00000005','Al portador','2020-08-14','500','0','0','5','2')
2020-08-03 21:09:42 --> 4510
2020-08-03 21:09:42 --> UPDATE chequera_cheques SET estado = 1 WHERE id = 155
2020-08-03 21:09:42 --> INSERT INTO `rel_pago_operacion` (`forma_pago_id`, `forma_pago`, `operacion_tipo`, `operacion_id`) VALUES
						(4510, 'cheque', 'gasto', 19048)
2020-08-03 21:09:42 --> UPDATE gasto SET 
								estado=1,
								orden_pago=nro_orden,
								factura_nro='00000007',
								factura_punto_venta='0003',
								factura_tipo='A',
								factura_orden='B',
								remito_nro='',
								recibo_nro='',
								iva_27='2',
								iva_21='3',
								iva_10_5='4',
								otra_alicuota='5',
								perc_iva='6',
								perc_iibb_bsas='7',
								perc_iibb_caba='8',
								exento='9'
								
							WHERE id=19048
