2020-03-20 16:51:00 --> INSERT INTO transferencia_consumo (cuenta_id,cuenta_destino,monto,interes,descuento,fecha) VALUES 
						('5','Ortega','10000','0','0','2020-03-20')
2020-03-20 16:51:00 --> INSERT INTO `rel_pago_operacion` (`forma_pago_id`, `forma_pago`, `operacion_tipo`, `operacion_id`) VALUES
						(0, 'transferencia', 'reserva_devolucion', 58)
2020-03-20 16:51:28 --> INSERT INTO cheque_consumo (numero,titular,fecha,monto,interes,descuento,cuenta_id) VALUES 
						('1','Ortega','2020-03-20','10000','0','0','7')
2020-03-20 16:51:28 --> 4422
2020-03-20 16:51:28 --> INSERT INTO `rel_pago_operacion` (`forma_pago_id`, `forma_pago`, `operacion_tipo`, `operacion_id`) VALUES
						(4422, 'cheque', 'reserva_devolucion', 59)
2020-03-20 17:06:32 --> INSERT INTO efectivo_consumo (caja_id,monto,interes,descuento,fecha) VALUES 
					(1,'10000','100','400','2020-03-20')
2020-03-20 17:06:32 --> 12828
2020-03-20 17:06:32 --> INSERT INTO `rel_pago_operacion` (`forma_pago_id`, `forma_pago`, `operacion_tipo`, `operacion_id`) VALUES
						(12828, 'efectivo', 'reserva_devolucion', 60)
2020-03-20 17:06:32 --> INSERT INTO caja_movimiento (caja_id,origen,registro_id,monto,fecha,usuario_id) VALUES 
					(1,'efectivo_consumo',12828,'-10000','2020-03-20 17:06:32','29')
2020-03-20 19:51:39 --> INSERT INTO efectivo_consumo (caja_id,monto,interes,descuento,fecha) VALUES 
					(1,'10000','0','0','2020-03-20')
2020-03-20 19:51:39 --> 12829
2020-03-20 19:51:39 --> INSERT INTO `rel_pago_operacion` (`forma_pago_id`, `forma_pago`, `operacion_tipo`, `operacion_id`) VALUES
						(12829, 'efectivo', 'reserva_devolucion', 61)
2020-03-20 19:51:40 --> INSERT INTO caja_movimiento (caja_id,origen,registro_id,monto,fecha,usuario_id) VALUES 
					(1,'efectivo_consumo',12829,'-10000','2020-03-20 19:51:40','29')
